<?xml version='1.0' encoding='UTF-8'?>
<beans xmlns="http://www.springframework.org/schema/beans" xmlns:xsi="http://www.w3.org/2001/XMLSchema-instance" xsi:schemaLocation="http://www.springframework.org/schema/beans http://www.springframework.org/schema/beans/spring-beans-3.0.xsd">
  
  <bean id="rl.exampleBasicNumberingComponent" parent="rl.abstractNumberingComponent" depends-on="dictionaryBootstrap">
    <property name="id" value="exampleDocumentNumber" />
    <property name="startValue" value="1" />
    <property name="bindTypes">
      <list>
        <value>cm:content</value>
      </list>
    </property>
    <property name="ignoreTypes">
      <list>
        <value>cm:thumbnail</value>
      </list>
    </property>
    <property name="ignoreAspects">
      <list>
        <value>cm:workingcopy</value>
      </list>
    </property>  
    <property name="decorator" ref="rl.basicNumberingDecorator" />
    <property name="numberingStorage" ref="rl.nodeNumberingStorage" />  
  </bean>
  
  <bean id="rl.examplePrefixNumberingComponent" parent="rl.abstractNumberingComponent" depends-on="dictionaryBootstrap">
    <property name="id" value="prefixDocumentNumber" />
    <property name="startValue" value="1" />
    <property name="bindTypes">
      <list>
        <value>cm:content</value>
      </list>
    </property>
    <property name="ignoreTypes">
      <list>
        <value>cm:thumbnail</value>
      </list>
    </property>
    <property name="ignoreAspects">
      <list>
        <value>cm:workingcopy</value>
      </list>
    </property>  
    <property name="decorator" ref="rl.prefixNumberingDecorator" />
    <property name="numberingStorage" ref="rl.nodeNumberingStorage" />  
  </bean>
  
  <bean id="rl.exampleCurrentDatePrefixNumberingComponent" parent="rl.abstractNumberingComponent" depends-on="dictionaryBootstrap">
    <property name="id" value="currentDatePrefixDocumentNumber" />
    <property name="startValue" value="1" />
    <property name="bindTypes">
      <list>
        <value>cm:content</value>
      </list>
    </property>
    <property name="ignoreTypes">
      <list>
        <value>cm:thumbnail</value>
      </list>
    </property>
    <property name="ignoreAspects">
      <list>
        <value>cm:workingcopy</value>
      </list>
    </property>  
    <property name="decorator" ref="rl.currentDatePrefixNumberingDecorator" />
    <property name="numberingStorage" ref="rl.nodeNumberingStorage" />  
  </bean>
</beans>
